<?xml version="1.0" encoding="UTF-8"?>
<testng-results ignored="0" total="1" passed="1" failed="0" skipped="0">
  <reporter-output>
  </reporter-output>
  <suite started-at="2025-06-08T10:49:09 IST" name="Default suite" finished-at="2025-06-08T10:49:21 IST" duration-ms="11906">
    <groups>
    </groups>
    <test started-at="2025-06-08T10:49:09 IST" name="Default test" finished-at="2025-06-08T10:49:21 IST" duration-ms="11906">
      <class name="testscript.JavaScriptExecute">
        <test-method is-config="true" signature="browserInitialisation()[pri:0, instance:testscript.JavaScriptExecute@175c2241]" started-at="2025-06-08T10:49:09 IST" name="browserInitialisation" finished-at="2025-06-08T10:49:16 IST" duration-ms="7003" status="PASS">
          <reporter-output>
          </reporter-output>
        </test-method> <!-- browserInitialisation -->
        <test-method signature="scroll()[pri:0, instance:testscript.JavaScriptExecute@175c2241]" started-at="2025-06-08T10:49:16 IST" name="scroll" finished-at="2025-06-08T10:49:21 IST" duration-ms="4787" status="PASS">
          <reporter-output>
          </reporter-output>
        </test-method> <!-- scroll -->
      </class> <!-- testscript.JavaScriptExecute -->
    </test> <!-- Default test -->
  </suite> <!-- Default suite -->
</testng-results>
