<?xml version="1.0" encoding="UTF-8"?>
<!-- Generated by org.testng.reporters.JUnitXMLReporter -->
<testsuite ignored="1" hostname="DESKTOP-6L02Q21" failures="0" tests="1" name="Default test" time="11.906" errors="0" timestamp="2025-06-08T10:49:21 IST">
  <testcase classname="testscript.JavaScriptExecute" name="scroll" time="4.787"/>
  <testcase classname="testscript.JavaScriptExecute" name="javaScriptExecuter" time="0.0">
    <ignored/>
  </testcase> <!-- javaScriptExecuter -->
</testsuite> <!-- Default test -->
